Start testing: Jul 14 16:42 Mitteleuropäische Sommerzeit
----------------------------------------------------------
1/1 Testing: simple_test
1/1 Test: simple_test
Command: "C:/Users/kevin/OneDrive/Desktop/Projekt/repo/build/simple_test.exe"
Directory: C:/Users/kevin/OneDrive/Desktop/Projekt/repo/build
"simple_test" start time: Jul 14 16:42 Mitteleuropäische Sommerzeit
Output:
----------------------------------------------------------
[==========] Running 2 tests from 2 test suites.
[----------] Global test environment set-up.
[----------] 1 test from TitleTest
[ RUN      ] TitleTest.CheckIfTitleExists
[       OK ] TitleTest.CheckIfTitleExists (0 ms)
[----------] 1 test from TitleTest (0 ms total)

[----------] 1 test from DateTest
[ RUN      ] DateTest.CheckIfDateGreaterOrEqualToday
[       OK ] DateTest.CheckIfDateGreaterOrEqualToday (0 ms)
[----------] 1 test from DateTest (0 ms total)

[----------] Global test environment tear-down
[==========] 2 tests from 2 test suites ran. (0 ms total)
[  PASSED  ] 2 tests.
<end of output>
Test time =   0.16 sec
----------------------------------------------------------
Test Passed.
"simple_test" end time: Jul 14 16:42 Mitteleuropäische Sommerzeit
"simple_test" time elapsed: 00:00:00
----------------------------------------------------------

End testing: Jul 14 16:42 Mitteleuropäische Sommerzeit
